Arguments: 
  /usr/bin/node /usr/local/bin/yarn

PATH: 
  /home/airbornharsh/.cache/cloud-code/m2c/bin:/home/airbornharsh/.cargo/bin:/home/airbornharsh/.local/bin:/usr/local/sbin:/usr/local/bin:/usr/sbin:/usr/bin:/sbin:/bin:/usr/games:/usr/local/games:/snap/bin:/snap/bin:/usr/local/go/bin:/home/airbornharsh/Android/Sdk/emulator:/home/airbornharsh/Android/Sdk/platform-tools:/home/airbornharsh/Android/Sdk/cmdline-tools/latest/bin

Yarn version: 
  1.22.19

Node version: 
  20.12.2

Platform: 
  linux x64

Trace: 
  Error: https://registry.yarnpkg.com/@repo%2fdb: Not found
      at params.callback [as _callback] (/usr/local/lib/node_modules/yarn/lib/cli.js:66145:18)
      at self.callback (/usr/local/lib/node_modules/yarn/lib/cli.js:140890:22)
      at Request.emit (node:events:518:28)
      at Request.<anonymous> (/usr/local/lib/node_modules/yarn/lib/cli.js:141862:10)
      at Request.emit (node:events:518:28)
      at IncomingMessage.<anonymous> (/usr/local/lib/node_modules/yarn/lib/cli.js:141784:12)
      at Object.onceWrapper (node:events:632:28)
      at IncomingMessage.emit (node:events:530:35)
      at endReadableNT (node:internal/streams/readable:1696:12)
      at process.processTicksAndRejections (node:internal/process/task_queues:82:21)

npm manifest: 
  {
    "name": "backend",
    "version": "1.0.0",
    "main": "index.js",
    "license": "MIT",
    "scripts": {
      "dev": "nodemon src/index.ts",
      "build": "tsc -b",
      "start": "node dist/index.js"
    },
    "dependencies": {
      "@repo/db": "*",
      "@theinternetfolks/snowflake": "^1.3.0",
      "bcrypt": "^5.1.1",
      "cookie-parser": "^1.4.6",
      "cors": "^2.8.5",
      "dotenv": "^16.4.5",
      "express": "^4.19.2",
      "joi": "^17.12.3",
      "jsonwebtoken": "^9.0.2"
    },
    "devDependencies": {
      "@types/bcrypt": "^5.0.2",
      "@types/cookie-parser": "^1.4.7",
      "@types/cors": "^2.8.17",
      "@types/express": "^4.17.21",
      "@types/jsonwebtoken": "^9.0.6"
    }
  }

yarn manifest: 
  No manifest

Lockfile: 
  No lockfile
